TN:
SF:server\room.mjs
FN:33,genCode
FN:33,(anonymous_1)
FN:36,(anonymous_2)
FN:46,createRoom
FN:46,(anonymous_4)
FN:75,addParticipant
FN:94,hueFromString
FN:105,computeStats
FN:107,(anonymous_8)
FN:108,(anonymous_9)
FN:111,(anonymous_10)
FN:115,(anonymous_11)
FN:132,(anonymous_12)
FN:143,everyoneHasVoted
FN:144,(anonymous_14)
FN:145,(anonymous_15)
FN:153,buildSnapshot
FN:154,(anonymous_17)
FN:180,startVoting
FN:204,castVote
FN:231,reveal
FN:251,setTimerSec
FN:267,removeParticipant
FN:283,disconnectParticipant
FN:286,(anonymous_24)
FN:297,promoteHostIfNeeded
FN:299,(anonymous_26)
FNF:27
FNH:26
FNDA:41,genCode
FNDA:0,(anonymous_1)
FNDA:210,(anonymous_2)
FNDA:40,createRoom
FNDA:40,(anonymous_4)
FNDA:70,addParticipant
FNDA:70,hueFromString
FNDA:12,computeStats
FNDA:27,(anonymous_8)
FNDA:17,(anonymous_9)
FNDA:14,(anonymous_10)
FNDA:26,(anonymous_11)
FNDA:24,(anonymous_12)
FNDA:12,everyoneHasVoted
FNDA:24,(anonymous_14)
FNDA:20,(anonymous_15)
FNDA:2,buildSnapshot
FNDA:4,(anonymous_17)
FNDA:23,startVoting
FNDA:25,castVote
FNDA:9,reveal
FNDA:11,setTimerSec
FNDA:4,removeParticipant
FNDA:5,disconnectParticipant
FNDA:7,(anonymous_24)
FNDA:6,promoteHostIfNeeded
FNDA:3,(anonymous_26)
DA:20,1
DA:21,1
DA:22,1
DA:24,1
DA:25,1
DA:26,1
DA:33,0
DA:34,41
DA:35,41
DA:36,210
DA:38,41
DA:46,40
DA:47,40
DA:48,40
DA:64,40
DA:65,40
DA:66,40
DA:76,70
DA:77,70
DA:86,70
DA:95,70
DA:96,380
DA:97,70
DA:106,12
DA:107,27
DA:108,17
DA:109,11
DA:110,27
DA:111,14
DA:112,11
DA:113,11
DA:114,11
DA:115,26
DA:116,12
DA:121,12
DA:122,12
DA:123,12
DA:132,24
DA:144,24
DA:145,20
DA:154,4
DA:155,2
DA:156,2
DA:181,23
DA:182,22
DA:183,21
DA:184,21
DA:185,21
DA:186,21
DA:187,22
DA:188,22
DA:190,21
DA:191,21
DA:192,23
DA:205,25
DA:206,25
DA:207,24
DA:208,23
DA:210,22
DA:211,1
DA:212,1
DA:214,21
DA:215,20
DA:216,25
DA:217,19
DA:218,19
DA:219,19
DA:220,19
DA:232,9
DA:233,8
DA:234,7
DA:235,6
DA:236,1
DA:238,5
DA:239,5
DA:240,5
DA:241,5
DA:252,11
DA:253,10
DA:254,9
DA:255,11
DA:256,4
DA:257,4
DA:268,4
DA:269,3
DA:270,2
DA:271,2
DA:272,1
DA:273,1
DA:274,1
DA:284,5
DA:285,5
DA:286,7
DA:287,5
DA:288,4
DA:289,5
DA:298,6
DA:299,3
DA:300,3
DA:301,3
DA:302,3
DA:304,0
LF:102
LH:100
BRDA:33,0,0,0
BRDA:46,1,0,40
BRDA:46,2,0,40
BRDA:51,3,0,40
BRDA:51,3,1,39
BRDA:54,4,0,0
BRDA:54,4,1,40
BRDA:64,5,0,40
BRDA:64,5,1,3
BRDA:75,6,0,70
BRDA:75,7,0,70
BRDA:76,8,0,70
BRDA:76,8,1,70
BRDA:79,9,0,70
BRDA:79,9,1,0
BRDA:84,10,0,70
BRDA:84,10,1,0
BRDA:106,11,0,1
BRDA:106,11,1,11
BRDA:110,12,0,27
BRDA:110,12,1,24
BRDA:111,13,0,14
BRDA:111,13,1,12
BRDA:115,14,0,11
BRDA:115,14,1,0
BRDA:116,15,0,11
BRDA:116,15,1,0
BRDA:117,16,0,4
BRDA:117,16,1,7
BRDA:121,17,0,11
BRDA:121,17,1,0
BRDA:122,18,0,2
BRDA:122,18,1,9
BRDA:122,19,0,0
BRDA:122,19,1,9
BRDA:122,20,0,7
BRDA:122,20,1,2
BRDA:128,21,0,0
BRDA:128,21,1,11
BRDA:129,22,0,0
BRDA:129,22,1,11
BRDA:130,23,0,0
BRDA:130,23,1,11
BRDA:145,24,0,12
BRDA:145,24,1,12
BRDA:167,25,0,1
BRDA:167,25,1,1
BRDA:168,26,0,1
BRDA:168,26,1,1
BRDA:169,27,0,0
BRDA:169,27,1,2
BRDA:181,28,0,1
BRDA:181,28,1,22
BRDA:182,29,0,1
BRDA:182,29,1,21
BRDA:191,30,0,3
BRDA:191,30,1,18
BRDA:206,31,0,1
BRDA:206,31,1,24
BRDA:207,32,0,1
BRDA:207,32,1,23
BRDA:208,33,0,1
BRDA:208,33,1,22
BRDA:210,34,0,1
BRDA:210,34,1,21
BRDA:210,35,0,22
BRDA:210,35,1,2
BRDA:214,36,0,1
BRDA:214,36,1,20
BRDA:215,37,0,20
BRDA:215,37,1,0
BRDA:216,38,0,1
BRDA:216,38,1,24
BRDA:232,39,0,1
BRDA:232,39,1,8
BRDA:233,40,0,1
BRDA:233,40,1,7
BRDA:234,41,0,1
BRDA:234,41,1,6
BRDA:235,42,0,1
BRDA:235,42,1,5
BRDA:235,43,0,6
BRDA:235,43,1,5
BRDA:235,44,0,5
BRDA:235,44,1,5
BRDA:252,45,0,1
BRDA:252,45,1,10
BRDA:253,46,0,1
BRDA:253,46,1,9
BRDA:254,47,0,1
BRDA:254,47,1,8
BRDA:255,48,0,5
BRDA:255,48,1,6
BRDA:255,49,0,11
BRDA:255,49,1,8
BRDA:268,50,0,1
BRDA:268,50,1,3
BRDA:269,51,0,1
BRDA:269,51,1,2
BRDA:269,52,0,3
BRDA:269,52,1,3
BRDA:271,53,0,1
BRDA:271,53,1,1
BRDA:285,54,0,5
BRDA:285,54,1,0
BRDA:287,55,0,1
BRDA:287,55,1,4
BRDA:298,56,0,3
BRDA:298,56,1,3
BRDA:298,57,0,6
BRDA:298,57,1,6
BRDA:298,57,2,5
BRDA:301,58,0,3
BRDA:301,58,1,0
BRF:114
BRH:99
end_of_record
TN:
SF:src\components\Avatar.module.scss
FNF:0
FNH:0
LF:0
LH:0
BRF:0
BRH:0
end_of_record
TN:
SF:src\components\Avatar.tsx
FN:17,initials
FN:22,(anonymous_1)
FN:27,Avatar
FNF:3
FNH:3
FNDA:28,initials
FNDA:28,(anonymous_1)
FNDA:28,Avatar
DA:1,2
DA:18,28
DA:22,28
DA:28,28
LF:4
LH:4
BRDA:27,0,0,28
BRDA:30,1,0,28
BRDA:30,1,1,28
BRDA:30,2,0,28
BRDA:30,2,1,6
BRDA:32,3,0,28
BRDA:32,3,1,28
BRDA:37,4,0,28
BRDA:37,4,1,6
BRDA:42,5,0,28
BRDA:42,5,1,10
BRF:11
BRH:11
end_of_record
TN:
SF:src\components\Button.module.scss
FNF:0
FNH:0
LF:0
LH:0
BRF:0
BRH:0
end_of_record
TN:
SF:src\components\Button.tsx
FN:16,Button
FNF:1
FNH:1
FNDA:47,Button
DA:1,6
DA:25,47
LF:2
LH:2
BRDA:17,0,0,47
BRDA:18,1,0,47
BRDA:19,2,0,47
BRDA:21,3,0,47
BRDA:28,4,0,47
BRDA:28,4,1,25
BRF:6
BRH:6
end_of_record
TN:
SF:src\components\Celebration.module.scss
FNF:0
FNH:0
LF:0
LH:0
BRF:0
BRH:0
end_of_record
TN:
SF:src\components\Celebration.tsx
FN:29,Celebration
FN:31,(anonymous_1)
FN:33,(anonymous_2)
FN:56,(anonymous_3)
FNF:4
FNH:0
FNDA:0,Celebration
FNDA:0,(anonymous_1)
FNDA:0,(anonymous_2)
FNDA:0,(anonymous_3)
DA:1,0
DA:13,0
DA:23,0
DA:31,0
DA:32,0
DA:33,0
DA:34,0
DA:35,0
DA:36,0
DA:51,0
DA:53,0
DA:57,0
LF:12
LH:0
BRDA:32,0,0,0
BRDA:32,0,1,0
BRDA:51,1,0,0
BRDA:51,1,1,0
BRDA:69,2,0,0
BRDA:69,2,1,0
BRDA:74,3,0,0
BRDA:74,3,1,0
BRF:8
BRH:0
end_of_record
TN:
SF:src\components\ConnectionPill.module.scss
FNF:0
FNH:0
LF:0
LH:0
BRF:0
BRH:0
end_of_record
TN:
SF:src\components\ConnectionPill.tsx
FN:14,ConnectionPill
FN:15,(anonymous_1)
FNF:2
FNH:0
FNDA:0,ConnectionPill
FNDA:0,(anonymous_1)
DA:1,0
DA:6,0
DA:15,0
DA:16,0
LF:4
LH:0
BRDA:19,0,0,0
BRDA:19,0,1,0
BRF:2
BRH:0
end_of_record
TN:
SF:src\components\DistributionChart.module.scss
FNF:0
FNH:0
LF:0
LH:0
BRF:0
BRH:0
end_of_record
TN:
SF:src\components\DistributionChart.tsx
FN:23,DistributionChart
FN:25,(anonymous_1)
FN:30,(anonymous_2)
FN:31,(anonymous_3)
FN:32,(anonymous_4)
FN:33,(anonymous_5)
FN:39,(anonymous_6)
FN:49,(anonymous_7)
FN:55,(anonymous_8)
FNF:9
FNH:7
FNDA:3,DistributionChart
FNDA:3,(anonymous_1)
FNDA:3,(anonymous_2)
FNDA:0,(anonymous_3)
FNDA:0,(anonymous_4)
FNDA:3,(anonymous_5)
FNDA:3,(anonymous_6)
FNDA:3,(anonymous_7)
FNDA:3,(anonymous_8)
DA:1,1
DA:24,3
DA:25,3
DA:30,3
DA:31,3
DA:32,3
DA:33,3
DA:34,3
DA:35,3
DA:39,3
DA:40,3
DA:41,1
DA:49,3
DA:51,3
DA:56,3
DA:57,3
DA:58,3
LF:17
LH:17
BRDA:23,0,0,3
BRDA:40,1,0,1
BRDA:40,1,1,2
BRDA:43,2,0,1
BRDA:43,2,1,0
BRDA:49,3,0,2
BRDA:49,3,1,0
BRDA:53,4,0,3
BRDA:53,4,1,1
BRDA:57,5,0,3
BRDA:57,5,1,3
BRDA:63,6,0,3
BRDA:63,6,1,2
BRDA:63,7,0,3
BRDA:63,7,1,0
BRDA:64,8,0,0
BRDA:64,8,1,3
BRF:17
BRH:13
end_of_record
TN:
SF:src\components\Field.module.scss
FNF:0
FNH:0
LF:0
LH:0
BRF:0
BRH:0
end_of_record
TN:
SF:src\components\Field.tsx
FN:16,Field
FN:36,Input
FN:40,Textarea
FN:44,Select
FNF:4
FNH:4
FNDA:28,Field
FNDA:29,Input
FNDA:1,Textarea
FNDA:1,Select
DA:1,3
DA:17,28
DA:37,29
DA:41,1
DA:45,1
LF:5
LH:5
BRDA:18,0,0,28
BRDA:18,0,1,3
BRDA:19,1,0,28
BRDA:19,1,1,28
BRDA:25,2,0,3
BRDA:25,2,1,25
BRDA:29,3,0,1
BRDA:29,3,1,24
BRF:8
BRH:8
end_of_record
TN:
SF:src\components\Modal.module.scss
FNF:0
FNH:0
LF:0
LH:0
BRF:0
BRH:0
end_of_record
TN:
SF:src\components\Modal.tsx
FN:26,Modal
FN:36,(anonymous_1)
FN:38,(anonymous_2)
FN:44,(anonymous_3)
FN:60,(anonymous_4)
FNF:5
FNH:0
FNDA:0,Modal
FNDA:0,(anonymous_1)
FNDA:0,(anonymous_2)
FNDA:0,(anonymous_3)
FNDA:0,(anonymous_4)
DA:1,0
DA:36,0
DA:37,0
DA:38,0
DA:39,0
DA:41,0
DA:42,0
DA:43,0
DA:44,0
DA:45,0
DA:46,0
DA:50,0
DA:52,0
DA:60,0
LF:14
LH:0
BRDA:32,0,0,0
BRDA:33,1,0,0
BRDA:34,2,0,0
BRDA:37,3,0,0
BRDA:37,3,1,0
BRDA:39,4,0,0
BRDA:39,4,1,0
BRDA:39,5,0,0
BRDA:39,5,1,0
BRDA:50,6,0,0
BRDA:50,6,1,0
BRDA:53,7,0,0
BRDA:53,7,1,0
BRDA:69,8,0,0
BRDA:69,8,1,0
BRF:15
BRH:0
end_of_record
TN:
SF:src\components\RealtimeBridge.tsx
FN:19,RealtimeBridge
FN:27,(anonymous_1)
FN:30,(anonymous_2)
FN:45,(anonymous_3)
FN:51,(anonymous_4)
FN:57,(anonymous_5)
FN:65,(anonymous_6)
FN:72,(anonymous_7)
FN:75,(anonymous_8)
FN:90,(anonymous_9)
FN:95,(anonymous_10)
FN:99,(anonymous_11)
FN:105,(anonymous_12)
FN:126,(anonymous_13)
FNF:14
FNH:0
FNDA:0,RealtimeBridge
FNDA:0,(anonymous_1)
FNDA:0,(anonymous_2)
FNDA:0,(anonymous_3)
FNDA:0,(anonymous_4)
FNDA:0,(anonymous_5)
FNDA:0,(anonymous_6)
FNDA:0,(anonymous_7)
FNDA:0,(anonymous_8)
FNDA:0,(anonymous_9)
FNDA:0,(anonymous_10)
FNDA:0,(anonymous_11)
FNDA:0,(anonymous_12)
FNDA:0,(anonymous_13)
DA:1,0
DA:20,0
DA:21,0
DA:22,0
DA:23,0
DA:24,0
DA:25,0
DA:27,0
DA:28,0
DA:30,0
DA:31,0
DA:32,0
DA:33,0
DA:34,0
DA:37,0
DA:38,0
DA:39,0
DA:40,0
DA:45,0
DA:46,0
DA:47,0
DA:48,0
DA:51,0
DA:52,0
DA:53,0
DA:54,0
DA:57,0
DA:58,0
DA:59,0
DA:60,0
DA:61,0
DA:62,0
DA:65,0
DA:66,0
DA:67,0
DA:68,0
DA:69,0
DA:70,0
DA:74,0
DA:75,0
DA:76,0
DA:79,0
DA:80,0
DA:81,0
DA:82,0
DA:84,0
DA:90,0
DA:91,0
DA:92,0
DA:93,0
DA:95,0
DA:96,0
DA:97,0
DA:99,0
DA:100,0
DA:105,0
DA:106,0
DA:107,0
DA:108,0
DA:109,0
DA:110,0
DA:111,0
DA:112,0
DA:113,0
DA:114,0
DA:118,0
DA:119,0
DA:120,0
DA:121,0
DA:122,0
DA:123,0
DA:124,0
DA:126,0
DA:127,0
DA:128,0
DA:129,0
DA:130,0
DA:131,0
DA:132,0
DA:133,0
DA:137,0
LF:81
LH:0
BRDA:32,0,0,0
BRDA:32,0,1,0
BRDA:38,1,0,0
BRDA:38,1,1,0
BRDA:67,2,0,0
BRDA:67,2,1,0
BRDA:69,3,0,0
BRDA:69,3,1,0
BRDA:74,4,0,0
BRDA:74,4,1,0
BRDA:77,5,0,0
BRDA:77,5,1,0
BRDA:77,6,0,0
BRDA:77,6,1,0
BRDA:80,7,0,0
BRDA:80,7,1,0
BRDA:82,8,0,0
BRDA:82,8,1,0
BRDA:96,9,0,0
BRDA:96,9,1,0
BRDA:100,10,0,0
BRDA:100,10,1,0
BRDA:108,11,0,0
BRDA:108,11,1,0
BRDA:112,12,0,0
BRDA:112,12,1,0
BRDA:112,13,0,0
BRDA:112,13,1,0
BRDA:112,13,2,0
BRDA:124,14,0,0
BRDA:124,14,1,0
BRF:31
BRH:0
end_of_record
TN:
SF:src\components\ThemeToggle.module.scss
FNF:0
FNH:0
LF:0
LH:0
BRF:0
BRH:0
end_of_record
TN:
SF:src\components\ThemeToggle.tsx
FN:11,SunIcon
FN:19,MoonIcon
FN:26,SystemIcon
FN:35,ThemeToggle
FN:36,(anonymous_4)
FN:39,(anonymous_5)
FNF:6
FNH:0
FNDA:0,SunIcon
FNDA:0,MoonIcon
FNDA:0,SystemIcon
FNDA:0,ThemeToggle
FNDA:0,(anonymous_4)
FNDA:0,(anonymous_5)
DA:1,0
DA:8,0
DA:9,0
DA:12,0
DA:20,0
DA:27,0
DA:36,0
DA:37,0
DA:39,0
DA:40,0
DA:41,0
DA:42,0
DA:43,0
DA:46,0
DA:48,0
LF:15
LH:0
BRDA:46,0,0,0
BRDA:46,0,1,0
BRDA:46,1,0,0
BRDA:46,1,1,0
BRF:4
BRH:0
end_of_record
TN:
SF:src\components\Toasts.module.scss
FNF:0
FNH:0
LF:0
LH:0
BRF:0
BRH:0
end_of_record
TN:
SF:src\components\Toasts.tsx
FN:16,Toasts
FN:17,(anonymous_1)
FN:21,(anonymous_2)
FN:23,(anonymous_3)
FN:23,(anonymous_4)
FN:24,(anonymous_5)
FN:24,(anonymous_6)
FN:31,(anonymous_7)
FN:40,(anonymous_8)
FNF:9
FNH:0
FNDA:0,Toasts
FNDA:0,(anonymous_1)
FNDA:0,(anonymous_2)
FNDA:0,(anonymous_3)
FNDA:0,(anonymous_4)
FNDA:0,(anonymous_5)
FNDA:0,(anonymous_6)
FNDA:0,(anonymous_7)
FNDA:0,(anonymous_8)
DA:1,0
DA:8,0
DA:17,0
DA:18,0
DA:21,0
DA:22,0
DA:23,0
DA:24,0
DA:27,0
DA:29,0
DA:32,0
DA:40,0
LF:12
LH:0
BRDA:22,0,0,0
BRDA:22,0,1,0
BRDA:27,1,0,0
BRDA:27,1,1,0
BRDA:38,2,0,0
BRDA:38,2,1,0
BRF:6
BRH:0
end_of_record
TN:
SF:src\components\Wordmark.module.scss
FNF:0
FNH:0
LF:0
LH:0
BRF:0
BRH:0
end_of_record
TN:
SF:src\components\Wordmark.tsx
FN:12,Wordmark
FNF:1
FNH:1
FNDA:11,Wordmark
DA:14,11
DA:21,11
DA:22,11
DA:28,0
LF:4
LH:3
BRDA:12,0,0,11
BRDA:12,1,0,11
BRDA:21,2,0,11
BRDA:21,2,1,0
BRF:4
BRH:3
end_of_record
TN:
SF:src\components\providers.tsx
FN:14,ThemeSync
FN:17,(anonymous_1)
FN:23,(anonymous_2)
FN:28,(anonymous_3)
FN:34,Providers
FNF:5
FNH:0
FNDA:0,ThemeSync
FNDA:0,(anonymous_1)
FNDA:0,(anonymous_2)
FNDA:0,(anonymous_3)
FNDA:0,Providers
DA:1,0
DA:15,0
DA:17,0
DA:18,0
DA:19,0
DA:20,0
DA:22,0
DA:23,0
DA:25,0
DA:27,0
DA:28,0
DA:31,0
DA:35,0
LF:13
LH:0
BRDA:25,0,0,0
BRDA:25,0,1,0
BRF:2
BRH:0
end_of_record
TN:
SF:src\components\room\Deck.module.scss
FNF:0
FNH:0
LF:0
LH:0
BRF:0
BRH:0
end_of_record
TN:
SF:src\components\room\Deck.tsx
FN:18,Deck
FN:20,(anonymous_1)
FN:21,(anonymous_2)
FN:22,(anonymous_3)
FN:23,(anonymous_4)
FN:24,(anonymous_5)
FN:25,(anonymous_6)
FN:33,(anonymous_7)
FN:37,(anonymous_8)
FN:43,(anonymous_9)
FN:73,(anonymous_10)
FN:80,(anonymous_11)
FNF:12
FNH:11
FNDA:9,Deck
FNDA:19,(anonymous_1)
FNDA:19,(anonymous_2)
FNDA:19,(anonymous_3)
FNDA:19,(anonymous_4)
FNDA:19,(anonymous_5)
FNDA:19,(anonymous_6)
FNDA:2,(anonymous_7)
FNDA:2,(anonymous_8)
FNDA:0,(anonymous_9)
FNDA:108,(anonymous_10)
FNDA:2,(anonymous_11)
DA:1,1
DA:19,9
DA:20,19
DA:21,19
DA:22,19
DA:23,19
DA:24,19
DA:25,19
DA:29,9
DA:31,9
DA:33,9
DA:34,2
DA:35,2
DA:36,2
DA:38,2
DA:39,1
DA:40,1
DA:44,0
DA:45,0
DA:50,9
DA:64,9
DA:74,108
DA:75,108
DA:80,2
LF:24
LH:22
BRDA:29,0,0,9
BRDA:29,0,1,7
BRDA:29,0,2,7
BRDA:31,1,0,9
BRDA:31,1,1,5
BRDA:34,2,0,0
BRDA:34,2,1,2
BRDA:38,3,0,1
BRDA:38,3,1,1
BRDA:50,4,0,3
BRDA:50,4,1,6
BRDA:51,5,0,0
BRDA:51,5,1,3
BRDA:53,6,0,1
BRDA:53,6,1,2
BRDA:56,7,0,1
BRDA:56,7,1,5
BRDA:57,8,0,0
BRDA:57,8,1,1
BRDA:60,9,0,2
BRDA:60,9,1,3
BRDA:66,10,0,9
BRDA:66,10,1,5
BRDA:79,11,0,108
BRDA:79,11,1,2
BRDA:79,12,0,108
BRDA:79,12,1,24
BRDA:79,12,2,22
BRDA:97,13,0,2
BRDA:97,13,1,7
BRDA:97,14,0,9
BRDA:97,14,1,5
BRF:32
BRH:29
end_of_record
TN:
SF:src\components\room\EndedPanel.module.scss
FNF:0
FNH:0
LF:0
LH:0
BRF:0
BRH:0
end_of_record
TN:
SF:src\components\room\EndedPanel.tsx
FN:11,EndedPanel
FN:13,(anonymous_1)
FN:14,(anonymous_2)
FN:15,(anonymous_3)
FN:18,(anonymous_4)
FN:22,(anonymous_5)
FN:28,(anonymous_6)
FNF:7
FNH:4
FNDA:3,EndedPanel
FNDA:6,(anonymous_1)
FNDA:6,(anonymous_2)
FNDA:6,(anonymous_3)
FNDA:0,(anonymous_4)
FNDA:0,(anonymous_5)
FNDA:0,(anonymous_6)
DA:1,1
DA:12,3
DA:13,6
DA:14,6
DA:15,6
DA:16,3
DA:18,3
DA:19,0
DA:20,0
DA:21,0
DA:23,0
DA:24,0
DA:25,0
DA:29,0
DA:30,0
DA:34,3
LF:16
LH:8
BRDA:19,0,0,0
BRDA:19,0,1,0
BRDA:23,1,0,0
BRDA:23,1,1,0
BRDA:42,2,0,2
BRDA:42,2,1,1
BRDA:45,3,0,0
BRDA:45,3,1,2
BRF:8
BRH:3
end_of_record
TN:
SF:src\components\room\HostToolbar.module.scss
FNF:0
FNH:0
LF:0
LH:0
BRF:0
BRH:0
end_of_record
TN:
SF:src\components\room\HostToolbar.tsx
FN:9,HostToolbar
FN:16,(anonymous_1)
FNF:2
FNH:0
FNDA:0,HostToolbar
FNDA:0,(anonymous_1)
DA:1,0
DA:10,0
DA:12,0
DA:16,0
LF:4
LH:0
BRF:0
BRH:0
end_of_record
TN:
SF:src\components\room\JoinForm.module.scss
FNF:0
FNH:0
LF:0
LH:0
BRF:0
BRH:0
end_of_record
TN:
SF:src\components\room\JoinForm.tsx
FN:34,JoinForm
FN:44,(anonymous_1)
FN:50,(anonymous_2)
FNF:3
FNH:3
FNDA:14,JoinForm
FNDA:3,(anonymous_1)
FNDA:1,(anonymous_2)
DA:1,1
DA:16,1
DA:35,14
DA:36,14
DA:37,14
DA:42,14
DA:44,14
DA:45,3
DA:46,3
DA:47,3
DA:48,3
DA:49,3
DA:50,1
DA:51,1
DA:52,1
DA:53,1
DA:54,1
DA:55,1
DA:56,2
DA:57,1
DA:59,1
DA:60,1
DA:63,0
DA:64,0
DA:68,14
LF:25
LH:23
BRDA:49,0,0,1
BRDA:49,0,1,2
BRDA:49,1,0,3
BRDA:49,1,1,1
BRDA:49,1,2,1
BRDA:51,2,0,1
BRDA:51,2,1,0
BRDA:56,3,0,1
BRDA:56,3,1,1
BRDA:59,4,0,1
BRDA:59,4,1,0
BRDA:82,5,0,14
BRDA:82,5,1,1
BRDA:89,6,0,2
BRDA:89,6,1,12
BRF:15
BRH:13
end_of_record
TN:
SF:src\components\room\ParticipantsPanel.module.scss
FNF:0
FNH:0
LF:0
LH:0
BRF:0
BRH:0
end_of_record
TN:
SF:src\components\room\ParticipantsPanel.tsx
FN:23,ParticipantsPanel
FN:24,(anonymous_1)
FN:25,(anonymous_2)
FN:26,(anonymous_3)
FN:27,(anonymous_4)
FN:28,(anonymous_5)
FN:31,(anonymous_6)
FN:51,(anonymous_7)
FN:69,(anonymous_8)
FNF:9
FNH:9
FNDA:6,ParticipantsPanel
FNDA:12,(anonymous_1)
FNDA:12,(anonymous_2)
FNDA:12,(anonymous_3)
FNDA:12,(anonymous_4)
FNDA:12,(anonymous_5)
FNDA:12,(anonymous_6)
FNDA:12,(anonymous_7)
FNDA:1,(anonymous_8)
DA:1,1
DA:8,1
DA:24,12
DA:25,12
DA:26,12
DA:27,12
DA:28,12
DA:29,6
DA:31,6
DA:34,12
DA:35,6
DA:36,4
DA:44,2
DA:47,6
DA:52,12
DA:53,12
DA:69,1
LF:17
LH:17
BRDA:34,0,0,6
BRDA:34,0,1,6
BRDA:34,1,0,12
BRDA:34,1,1,6
BRDA:35,2,0,4
BRDA:35,2,1,2
BRDA:36,3,0,3
BRDA:36,3,1,1
BRDA:59,4,0,12
BRDA:59,4,1,6
BRDA:62,5,0,12
BRDA:62,5,1,6
BRDA:63,6,0,12
BRDA:63,6,1,6
BRDA:67,7,0,12
BRDA:67,7,1,10
BRDA:67,7,2,5
BRDA:77,8,0,6
BRDA:77,8,1,0
BRDA:80,9,0,2
BRDA:80,9,1,4
BRF:21
BRH:20
end_of_record
TN:
SF:src\components\room\ResultsPanel.module.scss
FNF:0
FNH:0
LF:0
LH:0
BRF:0
BRH:0
end_of_record
TN:
SF:src\components\room\ResultsPanel.tsx
FN:17,ResultsPanel
FN:19,(anonymous_1)
FN:20,(anonymous_2)
FN:21,(anonymous_3)
FN:22,(anonymous_4)
FN:26,(anonymous_5)
FN:43,(anonymous_6)
FN:44,(anonymous_7)
FN:56,(anonymous_8)
FN:82,(anonymous_9)
FN:102,Stat
FNF:11
FNH:11
FNDA:5,ResultsPanel
FNDA:11,(anonymous_1)
FNDA:11,(anonymous_2)
FNDA:11,(anonymous_3)
FNDA:11,(anonymous_4)
FNDA:5,(anonymous_5)
FNDA:16,(anonymous_6)
FNDA:16,(anonymous_7)
FNDA:16,(anonymous_8)
FNDA:7,(anonymous_9)
FNDA:16,Stat
DA:1,1
DA:18,5
DA:19,11
DA:20,11
DA:21,11
DA:22,11
DA:23,5
DA:26,5
DA:27,5
DA:28,1
DA:29,1
DA:33,5
DA:35,1
DA:43,16
DA:44,16
DA:46,4
DA:57,16
DA:58,16
DA:59,16
DA:83,7
DA:103,16
LF:21
LH:21
BRDA:27,0,0,1
BRDA:27,0,1,4
BRDA:27,1,0,5
BRDA:27,1,1,1
BRDA:33,2,0,1
BRDA:33,2,1,4
BRDA:49,3,0,0
BRDA:49,3,1,4
BRDA:50,4,0,0
BRDA:50,4,1,4
BRDA:62,5,0,16
BRDA:62,5,1,4
BRDA:65,6,0,12
BRDA:65,6,1,4
BRDA:66,7,0,16
BRDA:66,7,1,12
BRDA:67,8,0,12
BRDA:67,8,1,4
BRDA:67,9,0,12
BRDA:67,9,1,4
BRDA:71,10,0,4
BRDA:71,10,1,12
BRDA:73,11,0,16
BRDA:73,11,1,4
BRDA:87,12,0,7
BRDA:87,12,1,4
BRF:26
BRH:24
end_of_record
TN:
SF:src\components\room\RevealBar.module.scss
FNF:0
FNH:0
LF:0
LH:0
BRF:0
BRH:0
end_of_record
TN:
SF:src\components\room\RevealBar.tsx
FN:15,RevealBar
FN:17,(anonymous_1)
FN:18,(anonymous_2)
FN:19,(anonymous_3)
FN:20,(anonymous_4)
FN:23,(anonymous_5)
FN:27,(anonymous_6)
FN:33,(anonymous_7)
FNF:8
FNH:7
FNDA:5,RevealBar
FNDA:9,(anonymous_1)
FNDA:9,(anonymous_2)
FNDA:9,(anonymous_3)
FNDA:9,(anonymous_4)
FNDA:1,(anonymous_5)
FNDA:1,(anonymous_6)
FNDA:0,(anonymous_7)
DA:1,1
DA:16,5
DA:17,9
DA:18,9
DA:19,9
DA:20,9
DA:21,5
DA:23,5
DA:24,1
DA:25,1
DA:26,1
DA:28,1
DA:29,0
DA:30,0
DA:34,0
DA:35,0
DA:39,5
LF:17
LH:13
BRDA:24,0,0,0
BRDA:24,0,1,1
BRDA:28,1,0,0
BRDA:28,1,1,1
BRDA:42,2,0,3
BRDA:42,2,1,2
BRDA:55,3,0,4
BRDA:55,3,1,1
BRDA:56,4,0,2
BRDA:56,4,1,2
BRDA:58,5,0,1
BRDA:58,5,1,1
BRF:12
BRH:10
end_of_record
TN:
SF:src\components\room\StartPanel.module.scss
FNF:0
FNH:0
LF:0
LH:0
BRF:0
BRH:0
end_of_record
TN:
SF:src\components\room\StartPanel.tsx
FN:18,StartPanel
FN:20,(anonymous_1)
FN:21,(anonymous_2)
FN:22,(anonymous_3)
FN:26,(anonymous_4)
FN:30,(anonymous_5)
FN:33,(anonymous_6)
FN:34,(anonymous_7)
FN:37,(anonymous_8)
FN:38,(anonymous_9)
FN:39,(anonymous_10)
FN:44,(anonymous_11)
FN:48,(anonymous_12)
FN:54,(anonymous_13)
FN:86,(anonymous_14)
FN:92,(anonymous_15)
FN:97,(anonymous_16)
FNF:17
FNH:11
FNDA:8,StartPanel
FNDA:13,(anonymous_1)
FNDA:13,(anonymous_2)
FNDA:13,(anonymous_3)
FNDA:1,(anonymous_4)
FNDA:1,(anonymous_5)
FNDA:0,(anonymous_6)
FNDA:1,(anonymous_7)
FNDA:0,(anonymous_8)
FNDA:0,(anonymous_9)
FNDA:0,(anonymous_10)
FNDA:1,(anonymous_11)
FNDA:1,(anonymous_12)
FNDA:0,(anonymous_13)
FNDA:0,(anonymous_14)
FNDA:21,(anonymous_15)
FNDA:1,(anonymous_16)
DA:1,1
DA:12,1
DA:19,8
DA:20,13
DA:21,13
DA:22,13
DA:23,8
DA:24,8
DA:26,8
DA:27,1
DA:28,1
DA:29,1
DA:31,1
DA:33,0
DA:34,1
DA:37,8
DA:38,0
DA:39,0
DA:40,0
DA:44,8
DA:45,1
DA:46,1
DA:47,1
DA:49,1
DA:50,0
DA:51,0
DA:55,0
DA:56,0
DA:60,8
DA:86,0
DA:93,21
DA:97,1
LF:32
LH:23
BRDA:27,0,0,0
BRDA:27,0,1,1
BRDA:27,1,0,1
BRDA:27,1,1,1
BRDA:31,2,0,0
BRDA:31,2,1,1
BRDA:45,3,0,0
BRDA:45,3,1,1
BRDA:49,4,0,0
BRDA:49,4,1,1
BRDA:63,5,0,7
BRDA:63,5,1,1
BRDA:65,6,0,7
BRDA:65,6,1,1
BRDA:66,7,0,7
BRDA:66,7,1,0
BRDA:70,8,0,7
BRDA:70,8,1,1
BRDA:73,9,0,7
BRDA:73,9,1,0
BRDA:74,10,0,7
BRDA:74,10,1,0
BRDA:85,11,0,7
BRDA:85,11,1,6
BRDA:96,12,0,21
BRDA:96,12,1,1
BRDA:107,13,0,1
BRDA:107,13,1,6
BRDA:114,14,0,8
BRDA:114,14,1,7
BRF:30
BRH:23
end_of_record
TN:
SF:src\components\room\TimerBadge.module.scss
FNF:0
FNH:0
LF:0
LH:0
BRF:0
BRH:0
end_of_record
TN:
SF:src\components\room\TimerBadge.tsx
FN:16,TimerBadge
FN:17,(anonymous_1)
FN:18,(anonymous_2)
FN:19,(anonymous_3)
FN:20,(anonymous_4)
FNF:5
FNH:0
FNDA:0,TimerBadge
FNDA:0,(anonymous_1)
FNDA:0,(anonymous_2)
FNDA:0,(anonymous_3)
FNDA:0,(anonymous_4)
DA:1,0
DA:7,0
DA:8,0
DA:17,0
DA:18,0
DA:19,0
DA:20,0
DA:23,0
DA:25,0
DA:26,0
DA:27,0
DA:28,0
DA:30,0
LF:13
LH:0
BRDA:23,0,0,0
BRDA:23,0,1,0
BRDA:23,1,0,0
BRDA:23,1,1,0
BRDA:23,1,2,0
BRDA:25,2,0,0
BRDA:25,2,1,0
BRDA:26,3,0,0
BRDA:26,3,1,0
BRDA:26,4,0,0
BRDA:26,4,1,0
BRDA:26,5,0,0
BRDA:26,5,1,0
BRDA:26,6,0,0
BRDA:26,6,1,0
BRDA:31,7,0,0
BRDA:31,7,1,0
BRDA:44,8,0,0
BRDA:44,8,1,0
BRDA:46,9,0,0
BRDA:46,9,1,0
BRDA:46,10,0,0
BRDA:46,10,1,0
BRDA:46,11,0,0
BRDA:46,11,1,0
BRF:25
BRH:0
end_of_record
TN:
SF:src\components\room\useShortcuts.ts
FN:15,useRoomShortcuts
FN:19,(anonymous_1)
FN:20,(anonymous_2)
FN:50,(anonymous_3)
FNF:4
FNH:0
FNDA:0,useRoomShortcuts
FNDA:0,(anonymous_1)
FNDA:0,(anonymous_2)
FNDA:0,(anonymous_3)
DA:1,0
DA:16,0
DA:17,0
DA:19,0
DA:20,0
DA:21,0
DA:22,0
DA:24,0
DA:25,0
DA:27,0
DA:28,0
DA:30,0
DA:31,0
DA:32,0
DA:33,0
DA:36,0
DA:37,0
DA:38,0
DA:39,0
DA:40,0
DA:41,0
DA:42,0
DA:43,0
DA:49,0
DA:50,0
LF:25
LH:0
BRDA:22,0,0,0
BRDA:22,0,1,0
BRDA:22,1,0,0
BRDA:22,1,1,0
BRDA:22,1,2,0
BRDA:22,1,3,0
BRDA:22,1,4,0
BRDA:25,2,0,0
BRDA:25,2,1,0
BRDA:28,3,0,0
BRDA:28,3,1,0
BRDA:28,3,2,0
BRDA:28,3,3,0
BRDA:30,4,0,0
BRDA:30,4,1,0
BRDA:30,5,0,0
BRDA:30,5,1,0
BRDA:30,5,2,0
BRDA:36,6,0,0
BRDA:36,6,1,0
BRDA:36,7,0,0
BRDA:36,7,1,0
BRDA:36,7,2,0
BRDA:39,8,0,0
BRDA:39,8,1,0
BRDA:39,9,0,0
BRDA:39,9,1,0
BRDA:39,9,2,0
BRDA:39,9,3,0
BRDA:41,10,0,0
BRDA:41,10,1,0
BRF:31
BRH:0
end_of_record
TN:
SF:src\lib\cx.ts
FN:2,cx
FNF:1
FNH:1
FNDA:321,cx
DA:3,321
LF:1
LH:1
BRF:0
BRH:0
end_of_record
TN:
SF:src\lib\decks.ts
FN:19,getDeckById
FN:20,(anonymous_1)
FN:24,deckValues
FNF:3
FNH:3
FNDA:8,getDeckById
FNDA:23,(anonymous_1)
FNDA:5,deckValues
DA:10,11
DA:17,11
DA:20,23
DA:25,5
LF:4
LH:4
BRDA:20,0,0,8
BRDA:20,0,1,1
BRF:2
BRH:2
end_of_record
TN:
SF:src\lib\identity.ts
FN:5,loadIdentity
FN:18,saveIdentity
FN:23,clearIdentity
FNF:3
FNH:3
FNDA:5,loadIdentity
FNDA:4,saveIdentity
FNDA:1,clearIdentity
DA:3,3
DA:6,5
DA:7,5
DA:8,5
DA:9,5
DA:10,3
DA:11,3
DA:12,1
DA:14,1
DA:19,4
DA:20,4
DA:24,1
DA:25,1
LF:13
LH:13
BRDA:6,0,0,0
BRDA:6,0,1,5
BRDA:9,1,0,2
BRDA:9,1,1,3
BRDA:11,2,0,1
BRDA:11,2,1,2
BRDA:11,3,0,3
BRDA:11,3,1,1
BRDA:19,4,0,0
BRDA:19,4,1,4
BRDA:24,5,0,0
BRDA:24,5,1,1
BRF:12
BRH:9
end_of_record
TN:
SF:src\lib\socket.ts
FN:11,socketUrl
FN:18,getSocket
FN:32,closeSocket
FN:39,ensureConnected
FN:42,(anonymous_4)
FN:43,(anonymous_5)
FN:48,(anonymous_6)
FN:53,(anonymous_7)
FN:65,emitAck
FN:66,(anonymous_9)
FN:68,(anonymous_10)
FN:69,(anonymous_11)
FN:70,(anonymous_12)
FNF:13
FNH:0
FNDA:0,socketUrl
FNDA:0,getSocket
FNDA:0,closeSocket
FNDA:0,ensureConnected
FNDA:0,(anonymous_4)
FNDA:0,(anonymous_5)
FNDA:0,(anonymous_6)
FNDA:0,(anonymous_7)
FNDA:0,emitAck
FNDA:0,(anonymous_9)
FNDA:0,(anonymous_10)
FNDA:0,(anonymous_11)
FNDA:0,(anonymous_12)
DA:1,0
DA:9,0
DA:12,0
DA:14,0
DA:15,0
DA:19,0
DA:20,0
DA:29,0
DA:33,0
DA:34,0
DA:35,0
DA:40,0
DA:41,0
DA:42,0
DA:43,0
DA:44,0
DA:45,0
DA:46,0
DA:48,0
DA:49,0
DA:50,0
DA:51,0
DA:53,0
DA:56,0
DA:57,0
DA:66,0
DA:68,0
DA:69,0
DA:70,0
DA:71,0
DA:72,0
LF:31
LH:0
BRDA:12,0,0,0
BRDA:12,0,1,0
BRDA:14,1,0,0
BRDA:14,1,1,0
BRDA:19,2,0,0
BRDA:19,2,1,0
BRDA:39,3,0,0
BRDA:41,4,0,0
BRDA:41,4,1,0
BRDA:65,5,0,0
BRF:10
BRH:0
end_of_record
TN:
SF:src\lib\theme.ts
FN:6,readStoredTheme
FN:16,resolveTheme
FN:22,applyTheme
FN:27,persistTheme
FNF:4
FNH:4
FNDA:3,readStoredTheme
FNDA:4,resolveTheme
FNDA:1,applyTheme
FNDA:2,persistTheme
DA:3,1
DA:4,1
DA:7,3
DA:8,3
DA:9,3
DA:10,3
DA:12,0
DA:17,4
DA:18,1
DA:23,1
DA:24,1
DA:28,2
DA:29,2
LF:13
LH:12
BRDA:7,0,0,0
BRDA:7,0,1,3
BRDA:10,1,0,1
BRDA:10,1,1,2
BRDA:10,2,0,3
BRDA:10,2,1,2
BRDA:17,3,0,3
BRDA:17,3,1,1
BRDA:18,4,0,0
BRDA:18,4,1,1
BRDA:23,5,0,0
BRDA:23,5,1,1
BRF:12
BRH:9
end_of_record
TN:
SF:src\lib\types.ts
FNF:0
FNH:0
LF:0
LH:0
BRF:0
BRH:0
end_of_record
TN:
SF:src\store\actions.ts
FNF:0
FNH:0
DA:11,13
DA:14,13
DA:17,13
DA:20,13
DA:23,13
DA:26,13
LF:6
LH:6
BRF:0
BRH:0
end_of_record
TN:
SF:src\store\index.ts
FN:20,(anonymous_0)
FNF:1
FNH:1
FNDA:8,(anonymous_0)
DA:1,8
DA:12,8
DA:20,8
DA:27,8
DA:28,8
DA:29,8
LF:6
LH:6
BRF:0
BRH:0
end_of_record
TN:
SF:src\store\slices\participantsSlice.ts
FN:13,(anonymous_0)
FN:19,(anonymous_1)
FN:21,(anonymous_2)
FN:22,(anonymous_3)
FNF:4
FNH:4
FNDA:1,(anonymous_0)
FNDA:1,(anonymous_1)
FNDA:9,(anonymous_2)
FNDA:3,(anonymous_3)
DA:9,9
DA:13,9
DA:15,9
DA:19,1
DA:22,9
DA:23,3
DA:28,9
LF:7
LH:7
BRF:0
BRH:0
end_of_record
TN:
SF:src\store\slices\roomSlice.ts
FN:31,(anonymous_0)
FN:33,(anonymous_1)
FN:34,(anonymous_2)
FNF:3
FNH:3
FNDA:1,(anonymous_0)
FNDA:9,(anonymous_1)
FNDA:3,(anonymous_2)
DA:14,9
DA:19,9
DA:27,9
DA:31,1
DA:34,9
DA:35,3
DA:36,3
DA:47,9
LF:8
LH:8
BRF:0
BRH:0
end_of_record
TN:
SF:src\store\slices\timerSlice.ts
FN:23,(anonymous_0)
FN:26,(anonymous_1)
FN:28,(anonymous_2)
FN:29,(anonymous_3)
FN:40,(anonymous_4)
FNF:5
FNH:5
FNDA:2,(anonymous_0)
FNDA:1,(anonymous_1)
FNDA:9,(anonymous_2)
FNDA:3,(anonymous_3)
FNDA:1,(anonymous_4)
DA:12,9
DA:18,9
DA:24,2
DA:26,1
DA:29,9
DA:30,3
DA:31,3
DA:32,3
DA:33,1
DA:34,1
DA:36,2
DA:37,2
DA:40,9
DA:41,1
DA:42,1
DA:47,9
LF:16
LH:16
BRDA:32,0,0,1
BRDA:32,0,1,2
BRF:2
BRH:2
end_of_record
TN:
SF:src\store\slices\uiSlice.ts
FN:55,(anonymous_0)
FN:58,(anonymous_1)
FN:65,(anonymous_2)
FN:71,(anonymous_3)
FN:74,(anonymous_4)
FN:77,(anonymous_5)
FN:82,(anonymous_6)
FN:83,(anonymous_7)
FN:85,(anonymous_8)
FN:89,(anonymous_9)
FN:90,(anonymous_10)
FN:93,(anonymous_11)
FN:101,(anonymous_12)
FN:105,(anonymous_13)
FN:108,(anonymous_14)
FN:112,(anonymous_15)
FN:114,(anonymous_16)
FNF:17
FNH:17
FNDA:1,(anonymous_0)
FNDA:7,(anonymous_1)
FNDA:1,(anonymous_2)
FNDA:1,(anonymous_3)
FNDA:1,(anonymous_4)
FNDA:10,(anonymous_5)
FNDA:1,(anonymous_6)
FNDA:1,(anonymous_7)
FNDA:2,(anonymous_8)
FNDA:9,(anonymous_9)
FNDA:3,(anonymous_10)
FNDA:1,(anonymous_11)
FNDA:2,(anonymous_12)
FNDA:1,(anonymous_13)
FNDA:1,(anonymous_14)
FNDA:3,(anonymous_15)
FNDA:2,(anonymous_16)
DA:33,9
DA:49,9
DA:51,9
DA:56,1
DA:59,7
DA:60,7
DA:61,7
DA:62,7
DA:63,7
DA:66,1
DA:67,1
DA:68,1
DA:69,1
DA:72,1
DA:75,1
DA:78,10
DA:79,10
DA:80,10
DA:83,1
DA:86,2
DA:90,9
DA:91,3
DA:93,9
DA:94,1
DA:101,9
DA:102,2
DA:103,2
DA:105,9
DA:106,1
DA:108,9
DA:109,1
DA:110,1
DA:112,9
DA:113,3
DA:114,3
DA:115,3
DA:116,2
DA:117,2
DA:119,3
DA:120,3
DA:123,3
DA:129,9
LF:42
LH:42
BRDA:80,0,0,2
BRDA:80,0,1,8
BRDA:115,1,0,2
BRDA:115,1,1,1
BRDA:119,2,0,3
BRDA:119,2,1,0
BRDA:119,3,0,3
BRDA:119,3,1,2
BRF:8
BRH:7
end_of_record
TN:
SF:src\store\slices\votingSlice.ts
FN:35,(anonymous_0)
FN:39,(anonymous_1)
FN:42,(anonymous_2)
FN:44,(anonymous_3)
FN:45,(anonymous_4)
FNF:5
FNH:5
FNDA:3,(anonymous_0)
FNDA:2,(anonymous_1)
FNDA:1,(anonymous_2)
FNDA:9,(anonymous_3)
FNDA:4,(anonymous_4)
DA:20,9
DA:30,9
DA:36,3
DA:40,2
DA:42,1
DA:45,9
DA:46,4
DA:47,4
DA:48,4
DA:49,4
DA:50,4
DA:51,4
DA:52,4
DA:57,9
LF:14
LH:14
BRF:0
BRH:0
end_of_record
